[11:47:43.185] [INFO] storybook v10.1.11
[11:47:45.100] [DEBUG] Getting package.json info for /Users/krzbri/repos/temporal-adapter-demo/package.json...
[11:47:45.103] [WARN] You are currently using Storybook [1m10.1.11[22m but you have packages which are incompatible with it:

- @storybook/test@8.6.15 which depends on 8.6.15
 Repo: https://github.com/storybookjs/storybook/tree/next/code/lib/test

Please consider updating your packages or contacting the maintainers for compatibility details.

For more details on compatibility guidance, see:
https://github.com/storybookjs/storybook/issues/32836
[11:47:46.282] [DEBUG] Serving static files from [36mpublic[39m at [36m/[39m
[11:47:46.288] [INFO] Starting...
[11:47:46.520] [DEBUG] Starting preview..
[11:47:46.557] [INFO] Addon-docs: using MDX3
[11:47:46.585] [INFO] Using implicit CSS loaders
[11:47:46.589] [ERROR] Failed to build the preview
[11:47:46.592] [ERROR] [38;2;241;97;97mSB_FRAMEWORK_ANGULAR_0001 (AngularLegacyBuildOptionsError): Your Storybook startup script uses a solution that is not supported anymore.
You must use Angular builder to have an explicit configuration on the project used in angular.json.

Please run 'npx storybook automigrate' to automatically fix your config.

More info: 
	- https://github.com/storybookjs/storybook/blob/next/MIGRATION.md#angular-drop-support-for-calling-storybook-directly
	- https://github.com/storybookjs/storybook/tree/next/code/frameworks/angular#how-do-i-migrate-to-an-angular-storybook-builder
[39m
    at checkForLegacyBuildOptions (file://./node_modules/.pnpm/@storybook+angular@10.1.11_b28b6d23a6f8544273c42f8c96046b38/node_modules/@storybook/angular/dist/server/framework-preset-angular-cli.js:310:11)
    at Object.webpackFinal (file://./node_modules/.pnpm/@storybook+angular@10.1.11_b28b6d23a6f8544273c42f8c96046b38/node_modules/@storybook/angular/dist/server/framework-preset-angular-cli.js:244:3)
    at file://./node_modules/.pnpm/storybook@10.1.11_@testing-library+dom@10.4.1_prettier@3.6.2_react-dom@19.2.3_react@19.2.3__react@19.2.3/node_modules/storybook/dist/_node-chunks/chunk-Q4DOC7HF.js:10134:36
[11:47:46.594] [WARN] Broken build, fix the error above.
You may need to refresh the browser.